C:\USERS\DELL\DOCUMENTS\VISUAL STUDIO 2010\PROJECTS\SAT数独游戏1\DEBUG\SAT数独游戏1.EXE
C:\USERS\DELL\DOCUMENTS\VISUAL STUDIO 2010\PROJECTS\SAT数独游戏1\DEBUG\SAT数独游戏1.ILK
C:\USERS\DELL\DOCUMENTS\VISUAL STUDIO 2010\PROJECTS\SAT数独游戏1\DEBUG\SAT数独游戏1.PDB
C:\Users\dell\documents\visual studio 2010\Projects\SAT数独游戏1\SAT数独游戏1\Debug\cl.command.1.tlog
C:\Users\dell\documents\visual studio 2010\Projects\SAT数独游戏1\SAT数独游戏1\Debug\CL.read.1.tlog
C:\Users\dell\documents\visual studio 2010\Projects\SAT数独游戏1\SAT数独游戏1\Debug\CL.write.1.tlog
C:\Users\dell\documents\visual studio 2010\Projects\SAT数独游戏1\SAT数独游戏1\Debug\link.18324.read.1.tlog
C:\Users\dell\documents\visual studio 2010\Projects\SAT数独游戏1\SAT数独游戏1\Debug\link.18324.write.1.tlog
C:\Users\dell\documents\visual studio 2010\Projects\SAT数独游戏1\SAT数独游戏1\Debug\link.18324-cvtres.read.1.tlog
C:\Users\dell\documents\visual studio 2010\Projects\SAT数独游戏1\SAT数独游戏1\Debug\link.18324-cvtres.write.1.tlog
C:\Users\dell\documents\visual studio 2010\Projects\SAT数独游戏1\SAT数独游戏1\Debug\link.command.1.tlog
C:\Users\dell\documents\visual studio 2010\Projects\SAT数独游戏1\SAT数独游戏1\Debug\link.read.1.tlog
C:\Users\dell\documents\visual studio 2010\Projects\SAT数独游戏1\SAT数独游戏1\Debug\link.write.1.tlog
C:\Users\dell\documents\visual studio 2010\Projects\SAT数独游戏1\SAT数独游戏1\Debug\link-cvtres.read.1.tlog
C:\Users\dell\documents\visual studio 2010\Projects\SAT数独游戏1\SAT数独游戏1\Debug\link-cvtres.write.1.tlog
C:\Users\dell\documents\visual studio 2010\Projects\SAT数独游戏1\SAT数独游戏1\Debug\mt.command.1.tlog
C:\Users\dell\documents\visual studio 2010\Projects\SAT数独游戏1\SAT数独游戏1\Debug\mt.read.1.tlog
C:\Users\dell\documents\visual studio 2010\Projects\SAT数独游戏1\SAT数独游戏1\Debug\mt.write.1.tlog
C:\Users\dell\documents\visual studio 2010\Projects\SAT数独游戏1\SAT数独游戏1\Debug\rc.command.1.tlog
C:\Users\dell\documents\visual studio 2010\Projects\SAT数独游戏1\SAT数独游戏1\Debug\rc.read.1.tlog
C:\Users\dell\documents\visual studio 2010\Projects\SAT数独游戏1\SAT数独游戏1\Debug\rc.write.1.tlog
C:\USERS\DELL\DOCUMENTS\VISUAL STUDIO 2010\PROJECTS\SAT数独游戏1\SAT数独游戏1\DEBUG\SAT.OBJ
C:\USERS\DELL\DOCUMENTS\VISUAL STUDIO 2010\PROJECTS\SAT数独游戏1\SAT数独游戏1\DEBUG\SAT数独游戏1.EXE.EMBED.MANIFEST
C:\USERS\DELL\DOCUMENTS\VISUAL STUDIO 2010\PROJECTS\SAT数独游戏1\SAT数独游戏1\DEBUG\SAT数独游戏1.EXE.EMBED.MANIFEST.RES
C:\USERS\DELL\DOCUMENTS\VISUAL STUDIO 2010\PROJECTS\SAT数独游戏1\SAT数独游戏1\DEBUG\SAT数独游戏1.EXE.INTERMEDIATE.MANIFEST
C:\Users\dell\documents\visual studio 2010\Projects\SAT数独游戏1\SAT数独游戏1\Debug\SAT数独游戏1.vcxprojResolveAssemblyReference.cache
C:\Users\dell\documents\visual studio 2010\Projects\SAT数独游戏1\SAT数独游戏1\Debug\SAT数独游戏1.write.1.tlog
C:\Users\dell\documents\visual studio 2010\Projects\SAT数独游戏1\SAT数独游戏1\Debug\SAT数独游戏1_manifest.rc
C:\Users\dell\documents\visual studio 2010\Projects\SAT数独游戏1\SAT数独游戏1\Debug\vc100.idb
C:\USERS\DELL\DOCUMENTS\VISUAL STUDIO 2010\PROJECTS\SAT数独游戏1\SAT数独游戏1\DEBUG\VC100.PDB
